#
# There is insufficient memory for the Java Runtime Environment to continue.
# Native memory allocation (malloc) failed to allocate 32744 bytes for ChunkPool::allocate
# Possible reasons:
#   The system is out of physical RAM or swap space
#   In 32 bit mode, the process size limit was hit
# Possible solutions:
#   Reduce memory load on the system
#   Increase physical memory or swap space
#   Check if swap backing store is full
#   Use 64 bit Java on a 64 bit OS
#   Decrease Java heap size (-Xmx/-Xms)
#   Decrease number of Java threads
#   Decrease Java thread stack sizes (-Xss)
#   Set larger code cache with -XX:ReservedCodeCacheSize=
# This output file may be truncated or incomplete.
#
#  Out of Memory Error (allocation.cpp:273), pid=256, tid=0x0000000000000908
#
# JRE version: OpenJDK Runtime Environment (8.0_152-b02) (build 1.8.0_152-release-1024-b02)
# Java VM: OpenJDK 64-Bit Server VM (25.152-b02 mixed mode windows-amd64 compressed oops)
# Failed to write core dump. Minidumps are not enabled by default on client versions of Windows
#

---------------  T H R E A D  ---------------

Current thread (0x00000000569c3000):  JavaThread "C1 CompilerThread2" daemon [_thread_in_native, id=2312, stack(0x00000000584a0000,0x00000000585a0000)]

Stack: [0x00000000584a0000,0x00000000585a0000]
[error occurred during error reporting (printing stack bounds), id 0xc0000005]

Native frames: (J=compiled Java code, j=interpreted, Vv=VM code, C=native code)


Current CompileTask:
C1:  24985 4045       3       com.google.common.collect.ImmutableCollection$ArrayBasedBuilder::add (34 bytes)


---------------  P R O C E S S  ---------------

Java Threads: ( => current thread )
  0x000000005d06d000 JavaThread "Memory manager" [_thread_blocked, id=6392, stack(0x0000000060520000,0x0000000060620000)]
  0x000000005d06c000 JavaThread "pool-1-thread-1" [_thread_blocked, id=6384, stack(0x00000000601c0000,0x00000000602c0000)]
  0x000000005d06b800 JavaThread "build operations Thread 4" [_thread_blocked, id=6364, stack(0x0000000057fe0000,0x00000000580e0000)]
  0x000000005d06a800 JavaThread "build operations Thread 3" [_thread_blocked, id=6360, stack(0x000000005fb70000,0x000000005fc70000)]
  0x000000005d06a000 JavaThread "build operations Thread 2" [_thread_blocked, id=6356, stack(0x000000005fa20000,0x000000005fb20000)]
  0x000000005d069000 JavaThread "build operations" [_thread_blocked, id=6352, stack(0x000000005f520000,0x000000005f620000)]
  0x000000005d067000 JavaThread "Cache worker for Artifact transforms cache (C:\Users\Sandro\.gradle\caches\transforms-1)" [_thread_blocked, id=6280, stack(0x00000000577a0000,0x00000000578a0000)]
  0x000000005a55a800 JavaThread "Cache worker for file hash cache (C:\Users\Sandro\AndroidStudioProjects\Workbody\.gradle\4.4\fileHashes)" [_thread_blocked, id=6244, stack(0x000000005b060000,0x000000005b160000)]
  0x000000005a3b3000 JavaThread "File lock request listener" [_thread_in_native, id=6240, stack(0x000000005b810000,0x000000005b910000)]
  0x0000000059f2b000 JavaThread "Cache worker for file hash cache (C:\Users\Sandro\.gradle\caches\4.4\fileHashes)" [_thread_blocked, id=6236, stack(0x000000005b620000,0x000000005b720000)]
  0x0000000058fa4800 JavaThread "Stdin handler" [_thread_blocked, id=6216, stack(0x000000005b2e0000,0x000000005b3e0000)]
  0x0000000058fa2000 JavaThread "Asynchronous log dispatcher for DefaultDaemonConnection: socket connection from /127.0.0.1:50160 to /127.0.0.1:50161" [_thread_blocked, id=6212, stack(0x000000005b170000,0x000000005b270000)]
  0x0000000058f9c000 JavaThread "Daemon worker" [_thread_in_vm, id=6200, stack(0x000000005af60000,0x000000005b060000)]
  0x0000000058f9b800 JavaThread "Cancel handler" [_thread_blocked, id=6196, stack(0x000000005ad90000,0x000000005ae90000)]
  0x0000000059201000 JavaThread "Handler for socket connection from /127.0.0.1:50160 to /127.0.0.1:50161" [_thread_in_native, id=6192, stack(0x000000005aa50000,0x000000005ab50000)]
  0x00000000591fd800 JavaThread "Daemon" [_thread_blocked, id=6188, stack(0x000000005a8c0000,0x000000005a9c0000)]
  0x00000000586fc800 JavaThread "Daemon periodic checks" [_thread_blocked, id=6176, stack(0x00000000593d0000,0x00000000594d0000)]
  0x00000000586f9000 JavaThread "Incoming local TCP Connector on port 50160" [_thread_in_native, id=6172, stack(0x00000000589b0000,0x0000000058ab0000)]
  0x000000005861e800 JavaThread "Service Thread" daemon [_thread_blocked, id=3100, stack(0x0000000057b50000,0x0000000057c50000)]
=>0x00000000569c3000 JavaThread "C1 CompilerThread2" daemon [_thread_in_native, id=2312, stack(0x00000000584a0000,0x00000000585a0000)]
  0x00000000569c2000 JavaThread "C2 CompilerThread1" daemon [_thread_in_native, id=2444, stack(0x0000000058310000,0x0000000058410000)]
  0x00000000569cf800 JavaThread "C2 CompilerThread0" daemon [_thread_in_native, id=5212, stack(0x00000000580e0000,0x00000000581e0000)]
  0x00000000569cd800 JavaThread "Attach Listener" daemon [_thread_blocked, id=5280, stack(0x0000000057eb0000,0x0000000057fb0000)]
  0x00000000569ca000 JavaThread "Signal Dispatcher" daemon [_thread_blocked, id=3648, stack(0x0000000057d80000,0x0000000057e80000)]
  0x00000000569a8000 JavaThread "Finalizer" daemon [_thread_blocked, id=5148, stack(0x0000000057c50000,0x0000000057d50000)]
  0x0000000056960800 JavaThread "Reference Handler" daemon [_thread_blocked, id=5760, stack(0x0000000057a20000,0x0000000057b20000)]
  0x000000000265e800 JavaThread "main" [_thread_blocked, id=1624, stack(0x00000000029e0000,0x0000000002ae0000)]

Other Threads:
  0x0000000056959000 VMThread [stack: 0x00000000578d0000,0x00000000579d0000] [id=2212]
  0x0000000058621000 WatcherThread [stack: 0x0000000058ad0000,0x0000000058bd0000] [id=6148]

VM state:not at safepoint (normal execution)

VM Mutex/Monitor currently owned by a thread: None

Heap:
 PSYoungGen      total 77312K, used 25132K [0x00000000e0000000, 0x00000000e6c80000, 0x0000000100000000)
  eden space 67072K, 37% used [0x00000000e0000000,0x00000000e188b148,0x00000000e4180000)
  from space 10240K, 0% used [0x00000000e4180000,0x00000000e4180000,0x00000000e4b80000)
  to   space 10240K, 0% used [0x00000000e6280000,0x00000000e6280000,0x00000000e6c80000)
 ParOldGen       total 99840K, used 15618K [0x00000000a0000000, 0x00000000a6180000, 0x00000000e0000000)
  object space 99840K, 15% used [0x00000000a0000000,0x00000000a0f40910,0x00000000a6180000)
 Metaspace       used 38082K, capacity 38774K, committed 38872K, reserved 1083392K
  class space    used 5140K, capacity 5375K, committed 5376K, reserved 1048576K

Card table byte_map: [0x0000000012170000,0x0000000012480000] byte_map_base: 0x0000000011c70000

Marking Bits: (ParMarkBitMap*) 0x0000000060eb4970
 Begin Bits: [0x0000000012cd0000, 0x00000000144d0000)
 End Bits:   [0x00000000144d0000, 0x0000000015cd0000)

Polling page: 0x0000000000310000

CodeCache: size=245760Kb used=13941Kb max_used=13941Kb free=231818Kb
 bounds [0x0000000002db0000, 0x0000000003b60000, 0x0000000011db0000]
 total_blobs=4438 nmethods=3725 adapters=625
 compilation: enabled

Compilation events (10 events):
Event: 24.958 Thread 0x00000000569c3000 nmethod 4039 0x0000000003b56550 code [0x0000000003b566a0, 0x0000000003b567b0]
Event: 24.958 Thread 0x00000000569c3000 4038       1       org.apache.commons.lang.builder.HashCodeBuilder::toHashCode (5 bytes)
Event: 24.958 Thread 0x00000000569c3000 nmethod 4038 0x0000000003b56810 code [0x0000000003b56960, 0x0000000003b56a70]
Event: 24.958 Thread 0x00000000569c3000 4040       3       org.gradle.api.internal.AbstractClassGenerator$PropertyMetaData::addGetter (29 bytes)
Event: 24.959 Thread 0x00000000569c3000 nmethod 4040 0x0000000003b56ad0 code [0x0000000003b56cc0, 0x0000000003b57648]
Event: 24.983 Thread 0x00000000569c3000 4043       3       com.google.common.collect.ImmutableCollection$ArrayBasedBuilder::ensureCapacity (30 bytes)
Event: 24.984 Thread 0x00000000569c3000 nmethod 4043 0x0000000003b57a50 code [0x0000000003b57c20, 0x0000000003b58458]
Event: 24.984 Thread 0x00000000569c3000 4044       3       com.google.common.collect.Iterators$8::transform (11 bytes)
Event: 24.984 Thread 0x00000000569c3000 nmethod 4044 0x0000000003b58890 code [0x0000000003b58a00, 0x0000000003b58c28]
Event: 24.984 Thread 0x00000000569c3000 4045       3       com.google.common.collect.ImmutableCollection$ArrayBasedBuilder::add (34 bytes)

GC Heap History (10 events):
Event: 16.055 GC heap before
{Heap before GC invocations=9 (full 1):
 PSYoungGen      total 42496K, used 38161K [0x00000000e0000000, 0x00000000e4300000, 0x0000000100000000)
  eden space 32256K, 100% used [0x00000000e0000000,0x00000000e1f80000,0x00000000e1f80000)
  from space 10240K, 57% used [0x00000000e1f80000,0x00000000e25444e0,0x00000000e2980000)
  to   space 9728K, 0% used [0x00000000e3980000,0x00000000e3980000,0x00000000e4300000)
 ParOldGen       total 64512K, used 7873K [0x00000000a0000000, 0x00000000a3f00000, 0x00000000e0000000)
  object space 64512K, 12% used [0x00000000a0000000,0x00000000a07b0498,0x00000000a3f00000)
 Metaspace       used 28292K, capacity 28824K, committed 29056K, reserved 1075200K
  class space    used 3957K, capacity 4165K, committed 4224K, reserved 1048576K
Event: 16.079 GC heap after
Heap after GC invocations=9 (full 1):
 PSYoungGen      total 58880K, used 7046K [0x00000000e0000000, 0x00000000e4800000, 0x0000000100000000)
  eden space 49152K, 0% used [0x00000000e0000000,0x00000000e0000000,0x00000000e3000000)
  from space 9728K, 72% used [0x00000000e3980000,0x00000000e4061b98,0x00000000e4300000)
  to   space 9728K, 0% used [0x00000000e3000000,0x00000000e3000000,0x00000000e3980000)
 ParOldGen       total 64512K, used 7881K [0x00000000a0000000, 0x00000000a3f00000, 0x00000000e0000000)
  object space 64512K, 12% used [0x00000000a0000000,0x00000000a07b2498,0x00000000a3f00000)
 Metaspace       used 28292K, capacity 28824K, committed 29056K, reserved 1075200K
  class space    used 3957K, capacity 4165K, committed 4224K, reserved 1048576K
}
Event: 18.679 GC heap before
{Heap before GC invocations=10 (full 1):
 PSYoungGen      total 58880K, used 56198K [0x00000000e0000000, 0x00000000e4800000, 0x0000000100000000)
  eden space 49152K, 100% used [0x00000000e0000000,0x00000000e3000000,0x00000000e3000000)
  from space 9728K, 72% used [0x00000000e3980000,0x00000000e4061b98,0x00000000e4300000)
  to   space 9728K, 0% used [0x00000000e3000000,0x00000000e3000000,0x00000000e3980000)
 ParOldGen       total 64512K, used 7881K [0x00000000a0000000, 0x00000000a3f00000, 0x00000000e0000000)
  object space 64512K, 12% used [0x00000000a0000000,0x00000000a07b2498,0x00000000a3f00000)
 Metaspace       used 30967K, capacity 31518K, committed 31616K, reserved 1077248K
  class space    used 4231K, capacity 4422K, committed 4480K, reserved 1048576K
Event: 18.692 GC heap after
Heap after GC invocations=10 (full 1):
 PSYoungGen      total 58880K, used 7387K [0x00000000e0000000, 0x00000000e5580000, 0x0000000100000000)
  eden space 49152K, 0% used [0x00000000e0000000,0x00000000e0000000,0x00000000e3000000)
  from space 9728K, 75% used [0x00000000e3000000,0x00000000e3736c20,0x00000000e3980000)
  to   space 9728K, 0% used [0x00000000e4c00000,0x00000000e4c00000,0x00000000e5580000)
 ParOldGen       total 64512K, used 7889K [0x00000000a0000000, 0x00000000a3f00000, 0x00000000e0000000)
  object space 64512K, 12% used [0x00000000a0000000,0x00000000a07b4498,0x00000000a3f00000)
 Metaspace       used 30967K, capacity 31518K, committed 31616K, reserved 1077248K
  class space    used 4231K, capacity 4422K, committed 4480K, reserved 1048576K
}
Event: 21.834 GC heap before
{Heap before GC invocations=11 (full 1):
 PSYoungGen      total 58880K, used 56465K [0x00000000e0000000, 0x00000000e5580000, 0x0000000100000000)
  eden space 49152K, 99% used [0x00000000e0000000,0x00000000e2fed9e8,0x00000000e3000000)
  from space 9728K, 75% used [0x00000000e3000000,0x00000000e3736c20,0x00000000e3980000)
  to   space 9728K, 0% used [0x00000000e4c00000,0x00000000e4c00000,0x00000000e5580000)
 ParOldGen       total 64512K, used 7889K [0x00000000a0000000, 0x00000000a3f00000, 0x00000000e0000000)
  object space 64512K, 12% used [0x00000000a0000000,0x00000000a07b4498,0x00000000a3f00000)
 Metaspace       used 32048K, capacity 32572K, committed 32768K, reserved 1077248K
  class space    used 4384K, capacity 4559K, committed 4608K, reserved 1048576K
Event: 21.844 GC heap after
Heap after GC invocations=11 (full 1):
 PSYoungGen      total 76800K, used 8165K [0x00000000e0000000, 0x00000000e5580000, 0x0000000100000000)
  eden space 67072K, 0% used [0x00000000e0000000,0x00000000e0000000,0x00000000e4180000)
  from space 9728K, 83% used [0x00000000e4c00000,0x00000000e53f9708,0x00000000e5580000)
  to   space 10240K, 0% used [0x00000000e4180000,0x00000000e4180000,0x00000000e4b80000)
 ParOldGen       total 64512K, used 7897K [0x00000000a0000000, 0x00000000a3f00000, 0x00000000e0000000)
  object space 64512K, 12% used [0x00000000a0000000,0x00000000a07b6498,0x00000000a3f00000)
 Metaspace       used 32048K, capacity 32572K, committed 32768K, reserved 1077248K
  class space    used 4384K, capacity 4559K, committed 4608K, reserved 1048576K
}
Event: 23.735 GC heap before
{Heap before GC invocations=12 (full 1):
 PSYoungGen      total 76800K, used 23545K [0x00000000e0000000, 0x00000000e5580000, 0x0000000100000000)
  eden space 67072K, 22% used [0x00000000e0000000,0x00000000e0f04f68,0x00000000e4180000)
  from space 9728K, 83% used [0x00000000e4c00000,0x00000000e53f9708,0x00000000e5580000)
  to   space 10240K, 0% used [0x00000000e4180000,0x00000000e4180000,0x00000000e4b80000)
 ParOldGen       total 64512K, used 7897K [0x00000000a0000000, 0x00000000a3f00000, 0x00000000e0000000)
  object space 64512K, 12% used [0x00000000a0000000,0x00000000a07b6498,0x00000000a3f00000)
 Metaspace       used 34666K, capacity 35282K, committed 35416K, reserved 1079296K
  class space    used 4734K, capacity 4959K, committed 4992K, reserved 1048576K
Event: 23.748 GC heap after
Heap after GC invocations=12 (full 1):
 PSYoungGen      total 77312K, used 5054K [0x00000000e0000000, 0x00000000e6c80000, 0x0000000100000000)
  eden space 67072K, 0% used [0x00000000e0000000,0x00000000e0000000,0x00000000e4180000)
  from space 10240K, 49% used [0x00000000e4180000,0x00000000e466f898,0x00000000e4b80000)
  to   space 10240K, 0% used [0x00000000e6280000,0x00000000e6280000,0x00000000e6c80000)
 ParOldGen       total 64512K, used 12065K [0x00000000a0000000, 0x00000000a3f00000, 0x00000000e0000000)
  object space 64512K, 18% used [0x00000000a0000000,0x00000000a0bc8528,0x00000000a3f00000)
 Metaspace       used 34666K, capacity 35282K, committed 35416K, reserved 1079296K
  class space    used 4734K, capacity 4959K, committed 4992K, reserved 1048576K
}
Event: 23.748 GC heap before
{Heap before GC invocations=13 (full 2):
 PSYoungGen      total 77312K, used 5054K [0x00000000e0000000, 0x00000000e6c80000, 0x0000000100000000)
  eden space 67072K, 0% used [0x00000000e0000000,0x00000000e0000000,0x00000000e4180000)
  from space 10240K, 49% used [0x00000000e4180000,0x00000000e466f898,0x00000000e4b80000)
  to   space 10240K, 0% used [0x00000000e6280000,0x00000000e6280000,0x00000000e6c80000)
 ParOldGen       total 64512K, used 12065K [0x00000000a0000000, 0x00000000a3f00000, 0x00000000e0000000)
  object space 64512K, 18% used [0x00000000a0000000,0x00000000a0bc8528,0x00000000a3f00000)
 Metaspace       used 34666K, capacity 35282K, committed 35416K, reserved 1079296K
  class space    used 4734K, capacity 4959K, committed 4992K, reserved 1048576K
Event: 23.864 GC heap after
Heap after GC invocations=13 (full 2):
 PSYoungGen      total 77312K, used 0K [0x00000000e0000000, 0x00000000e6c80000, 0x0000000100000000)
  eden space 67072K, 0% used [0x00000000e0000000,0x00000000e0000000,0x00000000e4180000)
  from space 10240K, 0% used [0x00000000e4180000,0x00000000e4180000,0x00000000e4b80000)
  to   space 10240K, 0% used [0x00000000e6280000,0x00000000e6280000,0x00000000e6c80000)
 ParOldGen       total 99840K, used 15618K [0x00000000a0000000, 0x00000000a6180000, 0x00000000e0000000)
  object space 99840K, 15% used [0x00000000a0000000,0x00000000a0f40910,0x00000000a6180000)
 Metaspace       used 34666K, capacity 35282K, committed 35416K, reserved 1079296K
  class space    used 4734K, capacity 4959K, committed 4992K, reserved 1048576K
}

Deoptimization events (10 events):
Event: 20.456 Thread 0x0000000058f9c000 Uncommon trap: reason=class_check action=maybe_recompile pc=0x0000000003a2b05c method=java.util.regex.Pattern$GroupTail.match(Ljava/util/regex/Matcher;ILjava/lang/CharSequence;)Z @ 70
Event: 20.456 Thread 0x0000000058f9c000 Uncommon trap: reason=class_check action=maybe_recompile pc=0x0000000003a2b05c method=java.util.regex.Pattern$GroupTail.match(Ljava/util/regex/Matcher;ILjava/lang/CharSequence;)Z @ 70
Event: 21.107 Thread 0x0000000058f9c000 Uncommon trap: reason=unstable_if action=reinterpret pc=0x000000000306ad2c method=java.util.jar.JarFile.match([C[B[I[I)Z @ 29
Event: 22.577 Thread 0x0000000058f9c000 Uncommon trap: reason=unstable_if action=reinterpret pc=0x0000000003a2ba20 method=java.util.regex.Pattern$CharProperty.match(Ljava/util/regex/Matcher;ILjava/lang/CharSequence;)Z @ 40
Event: 22.997 Thread 0x0000000058f9c000 Uncommon trap: reason=class_check action=maybe_recompile pc=0x0000000003697248 method=java.io.BufferedInputStream.read1([BII)I @ 39
Event: 22.997 Thread 0x0000000058f9c000 Uncommon trap: reason=class_check action=maybe_recompile pc=0x0000000003697248 method=java.io.BufferedInputStream.read1([BII)I @ 39
Event: 22.997 Thread 0x0000000058f9c000 Uncommon trap: reason=class_check action=maybe_recompile pc=0x0000000003697248 method=java.io.BufferedInputStream.read1([BII)I @ 39
Event: 23.488 Thread 0x0000000058f9c000 Uncommon trap: reason=unstable_if action=reinterpret pc=0x0000000003713a4c method=java.lang.Integer.valueOf(I)Ljava/lang/Integer; @ 3
Event: 23.494 Thread 0x0000000058f9c000 Uncommon trap: reason=predicate action=maybe_recompile pc=0x00000000035da424 method=java.util.Arrays.binarySearch0([Ljava/lang/Object;IILjava/lang/Object;Ljava/util/Comparator;)I @ 28
Event: 24.838 Thread 0x0000000058f9c000 Uncommon trap: reason=unstable_if action=reinterpret pc=0x00000000033b1f74 method=java.util.concurrent.ConcurrentHashMap.get(Ljava/lang/Object;)Ljava/lang/Object; @ 152

Classes redefined (0 events):
No events

Internal exceptions (10 events):
Event: 22.500 Thread 0x0000000058f9c000 Exception <a 'java/lang/ClassNotFoundException': org/gradle/api/DefaultTaskCustomizer> (0x00000000e022a430) thrown at [D:\src\AOSP-openjdk-cygwin\jdk8u\hotspot\src\share\vm\classfile\systemDictionary.cpp, line 210]
Event: 22.501 Thread 0x0000000058f9c000 Exception <a 'java/lang/ClassNotFoundException': org/gradle/api/internal/ConventionTaskCustomizer> (0x00000000e0263d40) thrown at [D:\src\AOSP-openjdk-cygwin\jdk8u\hotspot\src\share\vm\classfile\systemDictionary.cpp, line 210]
Event: 22.502 Thread 0x0000000058f9c000 Exception <a 'java/lang/ClassNotFoundException': org/gradle/api/tasks/DeleteCustomizer> (0x00000000e029b5b8) thrown at [D:\src\AOSP-openjdk-cygwin\jdk8u\hotspot\src\share\vm\classfile\systemDictionary.cpp, line 210]
Event: 22.504 Thread 0x0000000058f9c000 Exception <a 'java/lang/ClassNotFoundException': org/gradle/api/tasks/Delete_DecoratedCustomizer> (0x00000000e02e6048) thrown at [D:\src\AOSP-openjdk-cygwin\jdk8u\hotspot\src\share\vm\classfile\systemDictionary.cpp, line 210]
Event: 22.725 Thread 0x0000000058f9c000 Exception <a 'java/lang/ClassNotFoundException': build_am1sfee3zj7hx9bu6u3qtdixoBeanInfo> (0x00000000e03f34a8) thrown at [D:\src\AOSP-openjdk-cygwin\jdk8u\hotspot\src\share\vm\classfile\systemDictionary.cpp, line 210]
Event: 22.725 Thread 0x0000000058f9c000 Exception <a 'java/lang/ClassNotFoundException': build_am1sfee3zj7hx9bu6u3qtdixoCustomizer> (0x00000000e03fd988) thrown at [D:\src\AOSP-openjdk-cygwin\jdk8u\hotspot\src\share\vm\classfile\systemDictionary.cpp, line 210]
Event: 22.729 Thread 0x0000000058f9c000 Exception <a 'java/lang/ClassNotFoundException': org/gradle/api/internal/plugins/DefaultObjectConfigurationActionBeanInfo> (0x00000000e0481bf0) thrown at [D:\src\AOSP-openjdk-cygwin\jdk8u\hotspot\src\share\vm\classfile\systemDictionary.cpp, line 210]
Event: 22.729 Thread 0x0000000058f9c000 Exception <a 'java/lang/ClassNotFoundException': org/gradle/api/internal/plugins/DefaultObjectConfigurationActionCustomizer> (0x00000000e04b80f0) thrown at [D:\src\AOSP-openjdk-cygwin\jdk8u\hotspot\src\share\vm\classfile\systemDictionary.cpp, line 210]
Event: 24.095 Thread 0x0000000058f9c000 Exception <a 'sun/nio/fs/WindowsException'> (0x00000000e050ac80) thrown at [D:\src\AOSP-openjdk-cygwin\jdk8u\hotspot\src\share\vm\prims\jni.cpp, line 709]
Event: 24.726 Thread 0x0000000058f9c000 Exception <a 'sun/nio/fs/WindowsException'> (0x00000000e10c3050) thrown at [D:\src\AOSP-openjdk-cygwin\jdk8u\hotspot\src\share\vm\prims\jni.cpp, line 709]

Events (10 events):
Event: 24.979 loading class org/gradle/platform/base/plugins/ComponentBasePlugin
Event: 24.979 loading class org/gradle/platform/base/plugins/ComponentBasePlugin done
Event: 24.979 loading class org/gradle/platform/base/plugins/ComponentBasePlugin$PluginRules
Event: 24.979 loading class org/gradle/platform/base/plugins/ComponentBasePlugin$PluginRules done
Event: 24.981 loading class org/gradle/model/internal/manage/schema/extract/NodeInitializerExtractionStrategy
Event: 24.981 loading class org/gradle/model/internal/manage/schema/extract/NodeInitializerExtractionStrategy done
Event: 24.981 loading class org/gradle/platform/base/ComponentSpecContainer
Event: 24.981 loading class org/gradle/platform/base/ComponentSpecContainer done
Event: 24.982 loading class org/gradle/platform/base/TypeBuilder
Event: 24.982 loading class org/gradle/platform/base/TypeBuilder done


Dynamic libraries:
0x000000013ffd0000 - 0x0000000140001000 	C:\Program Files\Android\Android Studio\jre\bin\java.exe
0x0000000076e90000 - 0x000000007703a000 	C:\Windows\SYSTEM32\ntdll.dll
0x0000000076d70000 - 0x0000000076e8f000 	C:\Windows\system32\kernel32.dll
0x000007fefcef0000 - 0x000007fefcf5b000 	C:\Windows\system32\KERNELBASE.dll
0x000007fefeb20000 - 0x000007fefebfb000 	C:\Windows\system32\ADVAPI32.dll
0x000007fefcfd0000 - 0x000007fefd06f000 	C:\Windows\system32\msvcrt.dll
0x000007feff180000 - 0x000007feff19f000 	C:\Windows\SYSTEM32\sechost.dll
0x000007fefe760000 - 0x000007fefe88d000 	C:\Windows\system32\RPCRT4.dll
0x0000000076c70000 - 0x0000000076d6a000 	C:\Windows\system32\USER32.dll
0x000007fefdf20000 - 0x000007fefdf87000 	C:\Windows\system32\GDI32.dll
0x000007fefe750000 - 0x000007fefe75e000 	C:\Windows\system32\LPK.dll
0x000007fefe390000 - 0x000007fefe45a000 	C:\Windows\system32\USP10.dll
0x000007fefafa0000 - 0x000007fefb194000 	C:\Windows\WinSxS\amd64_microsoft.windows.common-controls_6595b64144ccf1df_6.0.7601.18837_none_fa3b1e3d17594757\COMCTL32.dll
0x000007fefedf0000 - 0x000007fefee61000 	C:\Windows\system32\SHLWAPI.dll
0x000007fefd070000 - 0x000007fefd09e000 	C:\Windows\system32\IMM32.DLL
0x000007fefefd0000 - 0x000007feff0d9000 	C:\Windows\system32\MSCTF.dll
0x000007fefcb50000 - 0x000007fefcb80000 	C:\Windows\system32\nvinitx.dll
0x000007fefcb40000 - 0x000007fefcb4c000 	C:\Windows\system32\VERSION.dll
0x000000006c790000 - 0x000000006c796000 	C:\Program Files\NVIDIA Corporation\CoProcManager\detoured.dll
0x000007fef6a20000 - 0x000007fef6a58000 	C:\Program Files\NVIDIA Corporation\CoProcManager\nvd3d9wrapx.dll
0x000007fefe1b0000 - 0x000007fefe387000 	C:\Windows\system32\SETUPAPI.dll
0x000007fefcdd0000 - 0x000007fefce06000 	C:\Windows\system32\CFGMGR32.dll
0x000007fefee70000 - 0x000007fefef47000 	C:\Windows\system32\OLEAUT32.dll
0x000007fefdf90000 - 0x000007fefe193000 	C:\Windows\system32\ole32.dll
0x000007fefce20000 - 0x000007fefce3a000 	C:\Windows\system32\DEVOBJ.dll
0x000007fef69f0000 - 0x000007fef6a14000 	C:\Program Files\NVIDIA Corporation\CoProcManager\nvdxgiwrapx.dll
0x000000005fc90000 - 0x000000005fd62000 	C:\Program Files\Android\Android Studio\jre\jre\bin\msvcr100.dll
0x00000000606f0000 - 0x0000000060f2f000 	C:\Program Files\Android\Android Studio\jre\jre\bin\server\jvm.dll
0x000007fef88b0000 - 0x000007fef88b9000 	C:\Windows\system32\WSOCK32.dll
0x000007fefded0000 - 0x000007fefdf1d000 	C:\Windows\system32\WS2_32.dll
0x000007fefe1a0000 - 0x000007fefe1a8000 	C:\Windows\system32\NSI.dll
0x000007fefa3f0000 - 0x000007fefa42b000 	C:\Windows\system32\WINMM.dll
0x0000000077060000 - 0x0000000077067000 	C:\Windows\system32\PSAPI.DLL
0x000007fefa7e0000 - 0x000007fefa7ef000 	C:\Program Files\Android\Android Studio\jre\jre\bin\verify.dll
0x000007fef92a0000 - 0x000007fef92c9000 	C:\Program Files\Android\Android Studio\jre\jre\bin\java.dll
0x000007fef9350000 - 0x000007fef9366000 	C:\Program Files\Android\Android Studio\jre\jre\bin\zip.dll
0x000007fefd140000 - 0x000007fefdec9000 	C:\Windows\system32\SHELL32.dll
0x000007fefcc10000 - 0x000007fefcc1f000 	C:\Windows\system32\profapi.dll
0x000007fef9330000 - 0x000007fef934a000 	C:\Program Files\Android\Android Studio\jre\jre\bin\net.dll
0x000007fefc3b0000 - 0x000007fefc405000 	C:\Windows\system32\mswsock.dll
0x000007fefc3a0000 - 0x000007fefc3a7000 	C:\Windows\System32\wship6.dll
0x000007fee6830000 - 0x000007fee6841000 	C:\Program Files\Android\Android Studio\jre\jre\bin\nio.dll
0x000007fedf8b0000 - 0x000007fedf8ce000 	C:\Users\Sandro\.gradle\native\25\windows-amd64\native-platform.dll
0x000007fefa7d0000 - 0x000007fefa7dd000 	C:\Program Files\Android\Android Studio\jre\jre\bin\management.dll
0x000007fefc410000 - 0x000007fefc428000 	C:\Windows\system32\CRYPTSP.dll
0x000007fefc110000 - 0x000007fefc157000 	C:\Windows\system32\rsaenh.dll
0x000007fefcc30000 - 0x000007fefcc4e000 	C:\Windows\system32\USERENV.dll
0x000007fefca70000 - 0x000007fefca7f000 	C:\Windows\system32\CRYPTBASE.dll
0x000007fefae90000 - 0x000007fefaeb7000 	C:\Windows\system32\IPHLPAPI.DLL
0x000007fefae80000 - 0x000007fefae8b000 	C:\Windows\system32\WINNSI.DLL
0x000007fefac90000 - 0x000007fefaca8000 	C:\Windows\system32\dhcpcsvc.DLL
0x000007fefac70000 - 0x000007fefac81000 	C:\Windows\system32\dhcpcsvc6.DLL

VM Arguments:
jvm_args: -Xmx1536m -Dfile.encoding=windows-1251 -Duser.country=RU -Duser.language=ru -Duser.variant 
java_command: org.gradle.launcher.daemon.bootstrap.GradleDaemon 4.4
java_class_path (initial): C:\Users\Sandro\.gradle\wrapper\dists\gradle-4.4-all\9br9xq1tocpiv8o6njlyu5op1\gradle-4.4\lib\gradle-launcher-4.4.jar
Launcher Type: SUN_STANDARD

Environment Variables:
PATH=C:\Program Files (x86)\NVIDIA Corporation\PhysX\Common;C:\ProgramData\Oracle\Java\javapath;C:\Windows\system32;C:\Windows;C:\Windows\System32\Wbem;C:\Windows\System32\WindowsPowerShell\v1.0\;C:\Program Files (x86)\Skype\Phone\;C:\Git\cmd;C:\Program Files (x86)\GtkSharp\2.12\bin
USERNAME=Sandro
OS=Windows_NT
PROCESSOR_IDENTIFIER=Intel64 Family 6 Model 78 Stepping 3, GenuineIntel



---------------  S Y S T E M  ---------------

OS: Windows 7 , 64 bit Build 7601 (6.1.7601.19131)

CPU:total 4 (initial active 4) (2 cores per cpu, 2 threads per core) family 6 model 78 stepping 3, cmov, cx8, fxsr, mmx, sse, sse2, sse3, ssse3, sse4.1, sse4.2, popcnt, avx, avx2, aes, clmul, erms, rtm, 3dnowpref, lzcnt, ht, tsc, tscinvbit, bmi1, bmi2, adx

Memory: 4k page, physical 8292356k(623816k free), swap 10354904k(5128k free)

vm_info: OpenJDK 64-Bit Server VM (25.152-b02) for windows-amd64 JRE (1.8.0_152-release-1024-b02), built by "builder" with MS VC++ 10.0 (VS2010)

time: Wed Mar 28 11:53:21 2018
elapsed time: 24 seconds (0d 0h 0m 24s)

